<?xml version="1.0" encoding="UTF-8"?>
<testsuite name="komendant.age.of.empires.AgeOfEmpiresServiceTest" tests="1" skipped="1" failures="0" errors="0" timestamp="2020-05-31T07:26:35" hostname="Home" time="103.126">
  <properties/>
  <testcase name="getTechnologies" classname="komendant.age.of.empires.AgeOfEmpiresServiceTest" time="103.126">
    <skipped/>
  </testcase>
  <system-out><![CDATA[]]></system-out>
  <system-err><![CDATA[]]></system-err>
</testsuite>
