<?xml version="1.0" encoding="UTF-8"?>
<testsuite name="komendant.age.of.empires.AgeOfEmpiresServiceTest" tests="1" skipped="0" failures="0" errors="0" timestamp="2020-06-01T01:57:48" hostname="Home" time="1.353">
  <properties/>
  <testcase name="getCivilizations" classname="komendant.age.of.empires.AgeOfEmpiresServiceTest" time="1.353"/>
  <system-out><![CDATA[]]></system-out>
  <system-err><![CDATA[]]></system-err>
</testsuite>
